Determining if the pthread_create exist failed with the following output:
Change Dir: /home/marcgenevat/catkin_ws/src/CamBot/cambot_control/cambot_hw/build/CMakeFiles/CMakeTmp

Run Build Command:/usr/bin/make "cmTryCompileExec1536732702/fast"
/usr/bin/make -f CMakeFiles/cmTryCompileExec1536732702.dir/build.make CMakeFiles/cmTryCompileExec1536732702.dir/build
make[1]: Entering directory `/home/marcgenevat/catkin_ws/src/CamBot/cambot_control/cambot_hw/build/CMakeFiles/CMakeTmp'
/usr/bin/cmake -E cmake_progress_report /home/marcgenevat/catkin_ws/src/CamBot/cambot_control/cambot_hw/build/CMakeFiles/CMakeTmp/CMakeFiles 1
Building C object CMakeFiles/cmTryCompileExec1536732702.dir/CheckSymbolExists.c.o
/usr/bin/cc    -o CMakeFiles/cmTryCompileExec1536732702.dir/CheckSymbolExists.c.o   -c /home/marcgenevat/catkin_ws/src/CamBot/cambot_control/cambot_hw/build/CMakeFiles/CMakeTmp/CheckSymbolExists.c
Linking C executable cmTryCompileExec1536732702
/usr/bin/cmake -E cmake_link_script CMakeFiles/cmTryCompileExec1536732702.dir/link.txt --verbose=1
/usr/bin/cc       CMakeFiles/cmTryCompileExec1536732702.dir/CheckSymbolExists.c.o  -o cmTryCompileExec1536732702 -rdynamic 
CMakeFiles/cmTryCompileExec1536732702.dir/CheckSymbolExists.c.o: In function `main':
CheckSymbolExists.c:(.text+0x16): undefined reference to `pthread_create'
collect2: error: ld returned 1 exit status
make[1]: *** [cmTryCompileExec1536732702] Error 1
make[1]: Leaving directory `/home/marcgenevat/catkin_ws/src/CamBot/cambot_control/cambot_hw/build/CMakeFiles/CMakeTmp'
make: *** [cmTryCompileExec1536732702/fast] Error 2

File /home/marcgenevat/catkin_ws/src/CamBot/cambot_control/cambot_hw/build/CMakeFiles/CMakeTmp/CheckSymbolExists.c:
/* */
#include <pthread.h>

int main(int argc, char** argv)
{
  (void)argv;
#ifndef pthread_create
  return ((int*)(&pthread_create))[argc];
#else
  (void)argc;
  return 0;
#endif
}

Determining if the function pthread_create exists in the pthreads failed with the following output:
Change Dir: /home/marcgenevat/catkin_ws/src/CamBot/cambot_control/cambot_hw/build/CMakeFiles/CMakeTmp

Run Build Command:/usr/bin/make "cmTryCompileExec4241223820/fast"
/usr/bin/make -f CMakeFiles/cmTryCompileExec4241223820.dir/build.make CMakeFiles/cmTryCompileExec4241223820.dir/build
make[1]: Entering directory `/home/marcgenevat/catkin_ws/src/CamBot/cambot_control/cambot_hw/build/CMakeFiles/CMakeTmp'
/usr/bin/cmake -E cmake_progress_report /home/marcgenevat/catkin_ws/src/CamBot/cambot_control/cambot_hw/build/CMakeFiles/CMakeTmp/CMakeFiles 1
Building C object CMakeFiles/cmTryCompileExec4241223820.dir/CheckFunctionExists.c.o
/usr/bin/cc   -DCHECK_FUNCTION_EXISTS=pthread_create   -o CMakeFiles/cmTryCompileExec4241223820.dir/CheckFunctionExists.c.o   -c /usr/share/cmake-2.8/Modules/CheckFunctionExists.c
Linking C executable cmTryCompileExec4241223820
/usr/bin/cmake -E cmake_link_script CMakeFiles/cmTryCompileExec4241223820.dir/link.txt --verbose=1
/usr/bin/cc   -DCHECK_FUNCTION_EXISTS=pthread_create    CMakeFiles/cmTryCompileExec4241223820.dir/CheckFunctionExists.c.o  -o cmTryCompileExec4241223820 -rdynamic -lpthreads 
/usr/bin/ld: cannot find -lpthreads
collect2: error: ld returned 1 exit status
make[1]: *** [cmTryCompileExec4241223820] Error 1
make[1]: Leaving directory `/home/marcgenevat/catkin_ws/src/CamBot/cambot_control/cambot_hw/build/CMakeFiles/CMakeTmp'
make: *** [cmTryCompileExec4241223820/fast] Error 2


